<?xml version="1.0" encoding="UTF-8"?>
<testsuite xmlns:xsi="http://www.w3.org/2001/XMLSchema-instance" xsi:noNamespaceSchemaLocation="https://maven.apache.org/surefire/maven-surefire-plugin/xsd/surefire-test-report-3.0.xsd" version="3.0" name="com.dreamgames.backendengineeringcasestudy.BackendEngineeringCaseStudyApplicationTests" time="3.577" tests="1" errors="0" skipped="0" failures="0">
  <properties>
[...]
</properties>
  <testcase name="contextLoads" classname="com.dreamgames.backendengineeringcasestudy.BackendEngineeringCaseStudyApplicationTests" time="0.319">
    <system-out><![CDATA[01:30:39.513 [main] INFO org.springframework.test.context.support.AnnotationConfigContextLoaderUtils -- Could not detect default configuration classes for test class [com.dreamgames.backendengineeringcasestudy.BackendEngineeringCaseStudyApplicationTests]: BackendEngineeringCaseStudyApplicationTests does not declare any static, non-private, non-final, nested classes annotated with @Configuration.
01:30:39.569 [main] INFO org.springframework.boot.test.context.SpringBootTestContextBootstrapper -- Found @SpringBootConfiguration com.dreamgames.backendengineeringcasestudy.BackendEngineeringCaseStudyApplication for test class com.dreamgames.backendengineeringcasestudy.BackendEngineeringCaseStudyApplicationTests
01:30:39.646 [main] INFO org.springframework.boot.devtools.restart.RestartApplicationListener -- Restart disabled due to context in which it is running

  .   ____          _            __ _ _
 /\\ / ___'_ __ _ _(_)_ __  __ _ \ \ \ \
( ( )\___ | '_ | '_| | '_ \/ _` | \ \ \ \
 \\/  ___)| |_)| | | | | || (_| |  ) ) ) )
  '  |____| .__|_| |_|_| |_\__, | / / / /
 =========|_|==============|___/=/_/_/_/
 :: Spring Boot ::                (v3.2.1)

2024-05-19T01:30:39.794+03:00  INFO 8509 --- [           main] kendEngineeringCaseStudyApplicationTests : Starting BackendEngineeringCaseStudyApplicationTests using Java 19.0.1 with PID 8509 (started by ceydog in /Users/ceydog/Desktop/github_repos/dream-backend-case-study)
2024-05-19T01:30:39.795+03:00  INFO 8509 --- [           main] kendEngineeringCaseStudyApplicationTests : No active profile set, falling back to 1 default profile: "default"
2024-05-19T01:30:40.229+03:00  INFO 8509 --- [           main] .s.d.r.c.RepositoryConfigurationDelegate : Bootstrapping Spring Data JPA repositories in DEFAULT mode.
2024-05-19T01:30:40.271+03:00  INFO 8509 --- [           main] .s.d.r.c.RepositoryConfigurationDelegate : Finished Spring Data repository scanning in 31 ms. Found 5 JPA repository interfaces.
2024-05-19T01:30:40.536+03:00  INFO 8509 --- [           main] o.hibernate.jpa.internal.util.LogHelper  : HHH000204: Processing PersistenceUnitInfo [name: default]
2024-05-19T01:30:40.567+03:00  INFO 8509 --- [           main] org.hibernate.Version                    : HHH000412: Hibernate ORM core version 6.4.1.Final
2024-05-19T01:30:40.583+03:00  INFO 8509 --- [           main] o.h.c.internal.RegionFactoryInitiator    : HHH000026: Second-level cache disabled
2024-05-19T01:30:40.712+03:00  INFO 8509 --- [           main] o.s.o.j.p.SpringPersistenceUnitInfo      : No LoadTimeWeaver setup: ignoring JPA class transformer
2024-05-19T01:30:40.726+03:00  INFO 8509 --- [           main] com.zaxxer.hikari.HikariDataSource       : HikariPool-1 - Starting...
2024-05-19T01:30:40.905+03:00  INFO 8509 --- [           main] com.zaxxer.hikari.pool.HikariPool        : HikariPool-1 - Added connection com.mysql.cj.jdbc.ConnectionImpl@61ad30f6
2024-05-19T01:30:40.907+03:00  INFO 8509 --- [           main] com.zaxxer.hikari.HikariDataSource       : HikariPool-1 - Start completed.
2024-05-19T01:30:41.614+03:00  INFO 8509 --- [           main] o.h.e.t.j.p.i.JtaPlatformInitiator       : HHH000489: No JTA platform available (set 'hibernate.transaction.jta.platform' to enable JTA platform integration)
Hibernate: alter table game_match drop foreign key FKjp4fnt2pmuu75komijvjnhc5x
Hibernate: alter table game_match drop foreign key FK1yjkbx4q4c8nobidymu402ubd
Hibernate: alter table game_match drop foreign key FKgb147njgcnbjxhcyl72pn7kss
Hibernate: alter table tournament_session drop foreign key FKm31ms29gdy7a606snjt30ysw
Hibernate: alter table tournament_session drop foreign key FK16usr9trd8j7dglihvj4qeqmq
Hibernate: drop table if exists game_match
Hibernate: drop table if exists match_group
Hibernate: drop table if exists tournament
Hibernate: drop table if exists tournament_session
Hibernate: drop table if exists user
Hibernate: create table game_match (GROUP_ID bigint not null, TOURNAMENT_ID bigint not null, USER_ID bigint not null, created_at datetime(6), primary key (GROUP_ID, TOURNAMENT_ID, USER_ID)) engine=InnoDB
Hibernate: create table match_group (match_group_id bigint not null auto_increment, version bigint, primary key (match_group_id)) engine=InnoDB
Hibernate: create table tournament (is_active BOOLEAN DEFAULT TRUE not null, id bigint not null auto_increment, tournament_end_time datetime(6) not null, tournament_start_time datetime(6) not null, primary key (id)) engine=InnoDB
Hibernate: create table tournament_session (did_claim_reward BOOLEAN DEFAULT FALSE not null, joined_at datetime(6), reward INT DEFAULT 0 not null, tournament_id bigint not null, tournament_session_id bigint not null auto_increment, user_id bigint not null, version bigint, primary key (tournament_session_id)) engine=InnoDB
Hibernate: create table user (user_level integer not null, user_coins bigint not null, user_id bigint not null auto_increment, version bigint, user_country enum ('TURKEY','UNITED_STATES','UNITED_KINGDOM','FRANCE','GERMANY') not null, primary key (user_id)) engine=InnoDB
Hibernate: alter table tournament_session add constraint UK_p7slreqfhab4b1rt5xyd2op8y unique (user_id)
Hibernate: alter table game_match add constraint FKjp4fnt2pmuu75komijvjnhc5x foreign key (group_id) references match_group (match_group_id)
Hibernate: alter table game_match add constraint FK1yjkbx4q4c8nobidymu402ubd foreign key (tournament_id) references tournament (id)
Hibernate: alter table game_match add constraint FKgb147njgcnbjxhcyl72pn7kss foreign key (user_id) references user (user_id)
Hibernate: alter table tournament_session add constraint FKm31ms29gdy7a606snjt30ysw foreign key (tournament_id) references tournament (id)
Hibernate: alter table tournament_session add constraint FK16usr9trd8j7dglihvj4qeqmq foreign key (user_id) references user (user_id)
2024-05-19T01:30:41.922+03:00  INFO 8509 --- [           main] j.LocalContainerEntityManagerFactoryBean : Initialized JPA EntityManagerFactory for persistence unit 'default'
2024-05-19T01:30:42.198+03:00  INFO 8509 --- [           main] o.s.d.j.r.query.QueryEnhancerFactory     : Hibernate is in classpath; If applicable, HQL parser will be used.
2024-05-19T01:30:42.325+03:00  WARN 8509 --- [           main] JpaBaseConfiguration$JpaWebConfiguration : spring.jpa.open-in-view is enabled by default. Therefore, database queries may be performed during view rendering. Explicitly configure spring.jpa.open-in-view to disable this warning
2024-05-19T01:30:42.607+03:00  INFO 8509 --- [           main] o.a.k.clients.consumer.ConsumerConfig    : ConsumerConfig values: 
	allow.auto.create.topics = true
	auto.commit.interval.ms = 5000
	auto.include.jmx.reporter = true
	auto.offset.reset = earliest
	bootstrap.servers = [localhost:9092]
	check.crcs = true
	client.dns.lookup = use_all_dns_ips
	client.id = consumer-app-1-1
	client.rack = 
	connections.max.idle.ms = 540000
	default.api.timeout.ms = 60000
	enable.auto.commit = false
	exclude.internal.topics = true
	fetch.max.bytes = 52428800
	fetch.max.wait.ms = 500
	fetch.min.bytes = 1
	group.id = app-1
	group.instance.id = null
	heartbeat.interval.ms = 3000
	interceptor.classes = []
	internal.leave.group.on.close = true
	internal.throw.on.fetch.stable.offset.unsupported = false
	isolation.level = read_uncommitted
	key.deserializer = class org.apache.kafka.common.serialization.StringDeserializer
	max.partition.fetch.bytes = 1048576
	max.poll.interval.ms = 300000
	max.poll.records = 500
	metadata.max.age.ms = 300000
	metric.reporters = []
	metrics.num.samples = 2
	metrics.recording.level = INFO
	metrics.sample.window.ms = 30000
	partition.assignment.strategy = [class org.apache.kafka.clients.consumer.RangeAssignor, class org.apache.kafka.clients.consumer.CooperativeStickyAssignor]
	receive.buffer.bytes = 65536
	reconnect.backoff.max.ms = 1000
	reconnect.backoff.ms = 50
	request.timeout.ms = 30000
	retry.backoff.ms = 100
	sasl.client.callback.handler.class = null
	sasl.jaas.config = null
	sasl.kerberos.kinit.cmd = /usr/bin/kinit
	sasl.kerberos.min.time.before.relogin = 60000
	sasl.kerberos.service.name = null
	sasl.kerberos.ticket.renew.jitter = 0.05
	sasl.kerberos.ticket.renew.window.factor = 0.8
	sasl.login.callback.handler.class = null
	sasl.login.class = null
	sasl.login.connect.timeout.ms = null
	sasl.login.read.timeout.ms = null
	sasl.login.refresh.buffer.seconds = 300
	sasl.login.refresh.min.period.seconds = 60
	sasl.login.refresh.window.factor = 0.8
	sasl.login.refresh.window.jitter = 0.05
	sasl.login.retry.backoff.max.ms = 10000
	sasl.login.retry.backoff.ms = 100
	sasl.mechanism = GSSAPI
	sasl.oauthbearer.clock.skew.seconds = 30
	sasl.oauthbearer.expected.audience = null
	sasl.oauthbearer.expected.issuer = null
	sasl.oauthbearer.jwks.endpoint.refresh.ms = 3600000
	sasl.oauthbearer.jwks.endpoint.retry.backoff.max.ms = 10000
	sasl.oauthbearer.jwks.endpoint.retry.backoff.ms = 100
	sasl.oauthbearer.jwks.endpoint.url = null
	sasl.oauthbearer.scope.claim.name = scope
	sasl.oauthbearer.sub.claim.name = sub
	sasl.oauthbearer.token.endpoint.url = null
	security.protocol = PLAINTEXT
	security.providers = null
	send.buffer.bytes = 131072
	session.timeout.ms = 45000
	socket.connection.setup.timeout.max.ms = 30000
	socket.connection.setup.timeout.ms = 10000
	ssl.cipher.suites = null
	ssl.enabled.protocols = [TLSv1.2, TLSv1.3]
	ssl.endpoint.identification.algorithm = https
	ssl.engine.factory.class = null
	ssl.key.password = null
	ssl.keymanager.algorithm = SunX509
	ssl.keystore.certificate.chain = null
	ssl.keystore.key = null
	ssl.keystore.location = null
	ssl.keystore.password = null
	ssl.keystore.type = JKS
	ssl.protocol = TLSv1.3
	ssl.provider = null
	ssl.secure.random.implementation = null
	ssl.trustmanager.algorithm = PKIX
	ssl.truststore.certificates = null
	ssl.truststore.location = null
	ssl.truststore.password = null
	ssl.truststore.type = JKS
	value.deserializer = class org.springframework.kafka.support.serializer.ErrorHandlingDeserializer

2024-05-19T01:30:42.700+03:00  INFO 8509 --- [           main] o.a.kafka.common.utils.AppInfoParser     : Kafka version: 3.6.1
2024-05-19T01:30:42.700+03:00  INFO 8509 --- [           main] o.a.kafka.common.utils.AppInfoParser     : Kafka commitId: 5e3c2b738d253ff5
2024-05-19T01:30:42.700+03:00  INFO 8509 --- [           main] o.a.kafka.common.utils.AppInfoParser     : Kafka startTimeMs: 1716071442699
2024-05-19T01:30:42.701+03:00  INFO 8509 --- [           main] fkaConsumerFactory$ExtendedKafkaConsumer : [Consumer clientId=consumer-app-1-1, groupId=app-1] Subscribed to topic(s): enter-tournament
2024-05-19T01:30:42.715+03:00  INFO 8509 --- [           main] kendEngineeringCaseStudyApplicationTests : Started BackendEngineeringCaseStudyApplicationTests in 3.078 seconds (process running for 3.543)
2024-05-19T01:30:42.843+03:00  INFO 8509 --- [ntainer#0-0-C-1] org.apache.kafka.clients.Metadata        : [Consumer clientId=consumer-app-1-1, groupId=app-1] Cluster ID: eO2hgLDoTGumwVoCzDko3A
2024-05-19T01:30:42.844+03:00  INFO 8509 --- [ntainer#0-0-C-1] o.a.k.c.c.internals.ConsumerCoordinator  : [Consumer clientId=consumer-app-1-1, groupId=app-1] Discovered group coordinator ceydas-mbp-2:9092 (id: 2147483647 rack: null)
2024-05-19T01:30:42.855+03:00  INFO 8509 --- [ntainer#0-0-C-1] o.a.k.c.c.internals.ConsumerCoordinator  : [Consumer clientId=consumer-app-1-1, groupId=app-1] (Re-)joining group
2024-05-19T01:30:42.866+03:00  INFO 8509 --- [ntainer#0-0-C-1] o.a.k.c.c.internals.ConsumerCoordinator  : [Consumer clientId=consumer-app-1-1, groupId=app-1] Request joining group due to: need to re-join with the given member-id: consumer-app-1-1-8e291fb9-411c-4a0b-84bd-827b59b4a66b
2024-05-19T01:30:42.867+03:00  INFO 8509 --- [ntainer#0-0-C-1] o.a.k.c.c.internals.ConsumerCoordinator  : [Consumer clientId=consumer-app-1-1, groupId=app-1] Request joining group due to: rebalance failed due to 'The group member needs to have a valid member id before actually entering a consumer group.' (MemberIdRequiredException)
2024-05-19T01:30:42.867+03:00  INFO 8509 --- [ntainer#0-0-C-1] o.a.k.c.c.internals.ConsumerCoordinator  : [Consumer clientId=consumer-app-1-1, groupId=app-1] (Re-)joining group
2024-05-19T01:30:42.871+03:00  INFO 8509 --- [ntainer#0-0-C-1] o.a.k.c.c.internals.ConsumerCoordinator  : [Consumer clientId=consumer-app-1-1, groupId=app-1] Successfully joined group with generation Generation{generationId=43, memberId='consumer-app-1-1-8e291fb9-411c-4a0b-84bd-827b59b4a66b', protocol='range'}
2024-05-19T01:30:42.873+03:00  INFO 8509 --- [ntainer#0-0-C-1] o.a.k.c.c.internals.ConsumerCoordinator  : [Consumer clientId=consumer-app-1-1, groupId=app-1] Finished assignment for group at generation 43: {consumer-app-1-1-8e291fb9-411c-4a0b-84bd-827b59b4a66b=Assignment(partitions=[enter-tournament-0, enter-tournament-1, enter-tournament-2, enter-tournament-3, enter-tournament-4])}
2024-05-19T01:30:42.880+03:00  INFO 8509 --- [ntainer#0-0-C-1] o.a.k.c.c.internals.ConsumerCoordinator  : [Consumer clientId=consumer-app-1-1, groupId=app-1] Successfully synced group in generation Generation{generationId=43, memberId='consumer-app-1-1-8e291fb9-411c-4a0b-84bd-827b59b4a66b', protocol='range'}
2024-05-19T01:30:42.880+03:00  INFO 8509 --- [ntainer#0-0-C-1] o.a.k.c.c.internals.ConsumerCoordinator  : [Consumer clientId=consumer-app-1-1, groupId=app-1] Notifying assignor about the new Assignment(partitions=[enter-tournament-0, enter-tournament-1, enter-tournament-2, enter-tournament-3, enter-tournament-4])
2024-05-19T01:30:42.881+03:00  INFO 8509 --- [ntainer#0-0-C-1] o.a.k.c.c.internals.ConsumerCoordinator  : [Consumer clientId=consumer-app-1-1, groupId=app-1] Adding newly assigned partitions: enter-tournament-0, enter-tournament-1, enter-tournament-2, enter-tournament-3, enter-tournament-4
2024-05-19T01:30:42.884+03:00  INFO 8509 --- [ntainer#0-0-C-1] o.a.k.c.c.internals.ConsumerCoordinator  : [Consumer clientId=consumer-app-1-1, groupId=app-1] Setting offset for partition enter-tournament-1 to the committed offset FetchPosition{offset=18, offsetEpoch=Optional.empty, currentLeader=LeaderAndEpoch{leader=Optional[ceydas-mbp-2:9092 (id: 0 rack: null)], epoch=0}}
2024-05-19T01:30:42.884+03:00  INFO 8509 --- [ntainer#0-0-C-1] o.a.k.c.c.internals.ConsumerCoordinator  : [Consumer clientId=consumer-app-1-1, groupId=app-1] Setting offset for partition enter-tournament-0 to the committed offset FetchPosition{offset=10, offsetEpoch=Optional.empty, currentLeader=LeaderAndEpoch{leader=Optional[ceydas-mbp-2:9092 (id: 0 rack: null)], epoch=0}}
2024-05-19T01:30:42.885+03:00  INFO 8509 --- [ntainer#0-0-C-1] o.a.k.c.c.internals.ConsumerCoordinator  : [Consumer clientId=consumer-app-1-1, groupId=app-1] Setting offset for partition enter-tournament-3 to the committed offset FetchPosition{offset=17, offsetEpoch=Optional.empty, currentLeader=LeaderAndEpoch{leader=Optional[ceydas-mbp-2:9092 (id: 0 rack: null)], epoch=0}}
2024-05-19T01:30:42.885+03:00  INFO 8509 --- [ntainer#0-0-C-1] o.a.k.c.c.internals.ConsumerCoordinator  : [Consumer clientId=consumer-app-1-1, groupId=app-1] Setting offset for partition enter-tournament-2 to the committed offset FetchPosition{offset=1, offsetEpoch=Optional.empty, currentLeader=LeaderAndEpoch{leader=Optional[ceydas-mbp-2:9092 (id: 0 rack: null)], epoch=0}}
2024-05-19T01:30:42.885+03:00  INFO 8509 --- [ntainer#0-0-C-1] o.a.k.c.c.internals.ConsumerCoordinator  : [Consumer clientId=consumer-app-1-1, groupId=app-1] Setting offset for partition enter-tournament-4 to the committed offset FetchPosition{offset=11, offsetEpoch=Optional.empty, currentLeader=LeaderAndEpoch{leader=Optional[ceydas-mbp-2:9092 (id: 0 rack: null)], epoch=0}}
2024-05-19T01:30:42.885+03:00  INFO 8509 --- [ntainer#0-0-C-1] o.s.k.l.KafkaMessageListenerContainer    : app-1: partitions assigned: [enter-tournament-0, enter-tournament-1, enter-tournament-2, enter-tournament-3, enter-tournament-4]
]]></system-out>
  </testcase>
</testsuite>